<?xml version="1.0" encoding="UTF-8"?>
<!-- Generated by org.testng.reporters.JUnitReportReporter -->
<testsuite hostname="LAPTOP-E194MDNK" failures="0" tests="1" name="test.TC005_ToSearch" time="35.757" errors="0" timestamp="2024-06-08T08:57:17 IST" skipped="0">
  <testcase classname="test.TC005_ToSearch" name="addcart" time="35.757"/>
</testsuite> <!-- test.TC005_ToSearch -->
