<?xml version="1.0" encoding="UTF-8"?>
<!-- Generated by org.testng.reporters.JUnitReportReporter -->
<testsuite hostname="LAPTOP-E194MDNK" failures="0" tests="1" name="test.TC000_BrokenLink" time="42.886" errors="0" timestamp="2024-06-08T08:57:17 IST" skipped="0">
  <testcase classname="test.TC000_BrokenLink" name="Linkbroken" time="42.886"/>
</testsuite> <!-- test.TC000_BrokenLink -->
